<?xml version="1.0" encoding="UTF-8"?>
<!-- Generated by org.testng.reporters.JUnitXMLReporter -->
<testsuite hostname="Lenovo" ignored="2" name="Test" tests="2" failures="2" timestamp="2023-03-06T14:54:24 IST" time="0.432" errors="0">
  <testcase name="Signup" time="0.075" classname="PurchaseItemCase.LoginTest">
    <failure type="java.lang.NullPointerException">
      <![CDATA[java.lang.NullPointerException
at PurchaseItemCase.LoginTest.Signup(LoginTest.java:56)
at java.util.concurrent.ThreadPoolExecutor.runWorker(ThreadPoolExecutor.java:1149)
at java.util.concurrent.ThreadPoolExecutor$Worker.run(ThreadPoolExecutor.java:624)
at java.lang.Thread.run(Thread.java:750)
... Removed 12 stack frames]]>
    </failure>
  </testcase> <!-- Signup -->
  <testcase name="Addsingle" time="0.006" classname="PurchaseItemCase.LoginTest">
    <failure type="java.lang.NullPointerException">
      <![CDATA[java.lang.NullPointerException
at PurchaseItemCase.LoginTest.Addsingle(LoginTest.java:67)
at java.util.concurrent.ThreadPoolExecutor.runWorker(ThreadPoolExecutor.java:1149)
at java.util.concurrent.ThreadPoolExecutor$Worker.run(ThreadPoolExecutor.java:624)
at java.lang.Thread.run(Thread.java:750)
... Removed 12 stack frames]]>
    </failure>
  </testcase> <!-- Addsingle -->
  <testcase name="orderplace" time="0.0" classname="PurchaseItemCase.LoginTest">
    <ignored/>
  </testcase> <!-- orderplace -->
  <testcase name="multiselect" time="0.0" classname="PurchaseItemCase.LoginTest">
    <ignored/>
  </testcase> <!-- multiselect -->
</testsuite> <!-- Test -->
